<?xml version="1.0" encoding="UTF-8"?>
<testng-results ignored="0" total="1" passed="1" failed="0" skipped="0">
  <reporter-output>
  </reporter-output>
  <suite started-at="2024-10-19T22:42:10 BDT" name="TRADEX Crypto Automation Suite" finished-at="2024-10-19T22:42:41 BDT" duration-ms="31235">
    <groups>
    </groups>
    <test started-at="2024-10-19T22:42:10 BDT" name="User can successfully buy and sell crypto currency" finished-at="2024-10-19T22:42:41 BDT" duration-ms="31235">
      <class name="testrunner.CryptoTestRunner">
        <test-method is-config="true" signature="setup()[pri:0, instance:testrunner.CryptoTestRunner@5c45d770]" started-at="2024-10-19T22:42:10 BDT" name="setup" finished-at="2024-10-19T22:42:23 BDT" duration-ms="13385" status="PASS">
          <reporter-output>
          </reporter-output>
        </test-method> <!-- setup -->
        <test-method is-config="true" signature="doLogin()[pri:0, instance:testrunner.CryptoTestRunner@5c45d770]" started-at="2024-10-19T22:42:23 BDT" name="doLogin" finished-at="2024-10-19T22:42:38 BDT" depends-on-methods="base.TestBase.setup" duration-ms="14360" status="PASS">
          <reporter-output>
          </reporter-output>
        </test-method> <!-- doLogin -->
        <test-method signature="visitBuyCrypto()[pri:1, instance:testrunner.CryptoTestRunner@5c45d770]" started-at="2024-10-19T22:42:38 BDT" name="visitBuyCrypto" description="Verify user will successfully visit buy crypto page" finished-at="2024-10-19T22:42:41 BDT" duration-ms="3189" status="PASS">
          <reporter-output>
          </reporter-output>
        </test-method> <!-- visitBuyCrypto -->
      </class> <!-- testrunner.CryptoTestRunner -->
    </test> <!-- User can successfully buy and sell crypto currency -->
  </suite> <!-- TRADEX Crypto Automation Suite -->
  <suite started-at="2024-10-19T22:42:41 BDT" name="TRADEX currency-exchange site Master Suite" finished-at="2024-10-19T22:42:41 BDT" duration-ms="0">
    <groups>
    </groups>
  </suite> <!-- TRADEX currency-exchange site Master Suite -->
</testng-results>
